<?xml version="1.0" encoding="UTF-8"?>
<testsuite xmlns:xsi="http://www.w3.org/2001/XMLSchema-instance" xsi:noNamespaceSchemaLocation="https://maven.apache.org/surefire/maven-surefire-plugin/xsd/surefire-test-report-3.0.xsd" version="3.0" name="com.junitpushup.ExampleTest" time="5.155" tests="18" errors="0" skipped="0" failures="0">
  <properties>
    <property name="java.specification.version" value="22"/>
    <property name="sun.cpu.isalist" value="amd64"/>
    <property name="sun.jnu.encoding" value="Cp1252"/>
    <property name="java.class.path" value="C:\Users\oscar\OneDrive\Documents\campus\pushupjunit\target\test-classes;C:\Users\oscar\OneDrive\Documents\campus\pushupjunit\target\classes;C:\Users\oscar\.m2\repository\org\junit\jupiter\junit-jupiter-api\5.11.0-M2\junit-jupiter-api-5.11.0-M2.jar;C:\Users\oscar\.m2\repository\org\opentest4j\opentest4j\1.3.0\opentest4j-1.3.0.jar;C:\Users\oscar\.m2\repository\org\junit\platform\junit-platform-commons\1.11.0-M2\junit-platform-commons-1.11.0-M2.jar;C:\Users\oscar\.m2\repository\org\apiguardian\apiguardian-api\1.1.2\apiguardian-api-1.1.2.jar;"/>
    <property name="java.vm.vendor" value="Oracle Corporation"/>
    <property name="sun.arch.data.model" value="64"/>
    <property name="user.variant" value=""/>
    <property name="java.vendor.url" value="https://java.oracle.com/"/>
    <property name="user.timezone" value="America/Bogota"/>
    <property name="os.name" value="Windows 11"/>
    <property name="java.vm.specification.version" value="22"/>
    <property name="sun.java.launcher" value="SUN_STANDARD"/>
    <property name="user.country" value="US"/>
    <property name="sun.boot.library.path" value="C:\Program Files\Java\jdk-22\bin"/>
    <property name="sun.java.command" value="C:\Users\oscar\AppData\Local\Temp\surefire11131163597145371366\surefirebooter-20240923211109953_3.jar C:\Users\oscar\AppData\Local\Temp\surefire11131163597145371366 2024-09-23T21-11-09_697-jvmRun1 surefire-20240923211109953_1tmp surefire_0-20240923211109953_2tmp"/>
    <property name="jdk.debug" value="release"/>
    <property name="surefire.test.class.path" value="C:\Users\oscar\OneDrive\Documents\campus\pushupjunit\target\test-classes;C:\Users\oscar\OneDrive\Documents\campus\pushupjunit\target\classes;C:\Users\oscar\.m2\repository\org\junit\jupiter\junit-jupiter-api\5.11.0-M2\junit-jupiter-api-5.11.0-M2.jar;C:\Users\oscar\.m2\repository\org\opentest4j\opentest4j\1.3.0\opentest4j-1.3.0.jar;C:\Users\oscar\.m2\repository\org\junit\platform\junit-platform-commons\1.11.0-M2\junit-platform-commons-1.11.0-M2.jar;C:\Users\oscar\.m2\repository\org\apiguardian\apiguardian-api\1.1.2\apiguardian-api-1.1.2.jar;"/>
    <property name="sun.cpu.endian" value="little"/>
    <property name="user.home" value="C:\Users\oscar"/>
    <property name="user.language" value="en"/>
    <property name="java.specification.vendor" value="Oracle Corporation"/>
    <property name="java.version.date" value="2024-04-16"/>
    <property name="java.home" value="C:\Program Files\Java\jdk-22"/>
    <property name="file.separator" value="\"/>
    <property name="basedir" value="C:\Users\oscar\OneDrive\Documents\campus\pushupjunit"/>
    <property name="java.vm.compressedOopsMode" value="32-bit"/>
    <property name="line.separator" value="&#10;"/>
    <property name="java.vm.specification.vendor" value="Oracle Corporation"/>
    <property name="java.specification.name" value="Java Platform API Specification"/>
    <property name="surefire.real.class.path" value="C:\Users\oscar\AppData\Local\Temp\surefire11131163597145371366\surefirebooter-20240923211109953_3.jar"/>
    <property name="user.script" value=""/>
    <property name="sun.management.compiler" value="HotSpot 64-Bit Tiered Compilers"/>
    <property name="java.runtime.version" value="22.0.1+8-16"/>
    <property name="user.name" value="oscar"/>
    <property name="stdout.encoding" value="Cp1252"/>
    <property name="path.separator" value=";"/>
    <property name="os.version" value="10.0"/>
    <property name="java.runtime.name" value="Java(TM) SE Runtime Environment"/>
    <property name="file.encoding" value="UTF-8"/>
    <property name="java.vm.name" value="Java HotSpot(TM) 64-Bit Server VM"/>
    <property name="localRepository" value="C:\Users\oscar\.m2\repository"/>
    <property name="java.vendor.url.bug" value="https://bugreport.java.com/bugreport/"/>
    <property name="java.io.tmpdir" value="C:\Users\oscar\AppData\Local\Temp\"/>
    <property name="java.version" value="22.0.1"/>
    <property name="user.dir" value="C:\Users\oscar\OneDrive\Documents\campus\pushupjunit"/>
    <property name="os.arch" value="amd64"/>
    <property name="java.vm.specification.name" value="Java Virtual Machine Specification"/>
    <property name="sun.os.patch.level" value=""/>
    <property name="native.encoding" value="Cp1252"/>
    <property name="java.library.path" value="C:\Program Files\Java\jdk-22\bin;C:\WINDOWS\Sun\Java\bin;C:\WINDOWS\system32;C:\WINDOWS;C:\Program Files\Common Files\Oracle\Java\javapath;C:\Python38\Scripts\;C:\Python38\;C:\Windows\system32;C:\Windows;C:\Windows\System32\Wbem;C:\Windows\System32\WindowsPowerShell\v1.0\;C:\WINDOWS\system32;C:\WINDOWS;C:\WINDOWS\System32\Wbem;C:\WINDOWS\System32\WindowsPowerShell\v1.0\;C:\Program Files (x86)\Intel\Intel(R) Management Engine Components\DAL;C:\Program Files\Intel\Intel(R) Management Engine Components\DAL;C:\WINDOWS\System32\OpenSSH\;C:\Users\oscar\AppData\Local\Programs\Python\Python36;C:\Users\oscar\AppData\Local\Programs\Python\Python36\Scripts;C:\Program Files\Git\cmd;C:\Program Files\Git\mingw64\bin;C:\Program Files\Git\usr\bin;C:\Program Files\Microsoft SQL Server\Client SDK\ODBC\110\Tools\Binn\;C:\Program Files (x86)\Microsoft SQL Server\120\Tools\Binn\;C:\Program Files\Microsoft SQL Server\120\Tools\Binn\;C:\Program Files\Microsoft SQL Server\120\DTS\Binn\;C:\Program Files (x86)\Windows Kits\8.1\Windows Performance Toolkit\;C:\ProgramData\chocolatey\bin;C:\Program Files (x86)\dart-sass;C:\Users\oscar\AppData\Roaming\nvm;C:\Program Files\nodejs;C:\Program Files\Amazon\AWSCLIV2\;C:\Program Files\MySQL\MySQL Server 8.0\bin;C:\Program Files\Java\jdk-22\bin;C:\MinGW\bin;C:\Modeltech_pe_edu_10.4a\win32pe_edu;C:\Users\oscar\AppData\Local\Microsoft\WindowsApps;C:\Users\oscar\AppData\Roaming\npm;C:\Users\oscar\AppData\Roaming\nvm;C:\Program Files\nodejs;C:\Users\oscar\dev\flutter\bin;C:\dev\flutter\bin;C:\Users\oscar\AppData\Local\Programs\Microsoft VS Code\bin;C:\Users\oscar\AppData\Local\Microsoft\WindowsApps;C:\Program Files\PostgreSQL\16\bin;C:\Program Files\apache-maven-3.9.9\bin;;."/>
    <property name="java.vm.info" value="mixed mode, sharing"/>
    <property name="stderr.encoding" value="Cp1252"/>
    <property name="java.vendor" value="Oracle Corporation"/>
    <property name="java.vm.version" value="22.0.1+8-16"/>
    <property name="sun.io.unicode.encoding" value="UnicodeLittle"/>
    <property name="java.class.version" value="66.0"/>
  </properties>
  <testcase name="testContarLetrasA" classname="com.junitpushup.ExampleTest" time="0.051"/>
  <testcase name="testEsPrimo" classname="com.junitpushup.ExampleTest" time="0.002"/>
  <testcase name="testMensajeConRetraso" classname="com.junitpushup.ExampleTest" time="5.009"/>
  <testcase name="testSumar" classname="com.junitpushup.ExampleTest" time="0.001"/>
  <testcase name="testEsPrimoMayorACuatro" classname="com.junitpushup.ExampleTest" time="0.001"/>
  <testcase name="testConvertirListaAString" classname="com.junitpushup.ExampleTest" time="0.001"/>
  <testcase name="testCalcularMediaNull" classname="com.junitpushup.ExampleTest" time="0.003"/>
  <testcase name="testFactorial" classname="com.junitpushup.ExampleTest" time="0.001"/>
  <testcase name="testFactorialError" classname="com.junitpushup.ExampleTest" time="0.002"/>
  <testcase name="testNoEsPrimo" classname="com.junitpushup.ExampleTest" time="0.002"/>
  <testcase name="testConvertirAString" classname="com.junitpushup.ExampleTest" time="0.002"/>
  <testcase name="testCalcularMediaEmpty" classname="com.junitpushup.ExampleTest" time="0.001"/>
  <testcase name="testCheckPositivo" classname="com.junitpushup.ExampleTest" time="0.001"/>
  <testcase name="testRevertirCadena" classname="com.junitpushup.ExampleTest" time="0.001"/>
  <testcase name="testCalcularMedia" classname="com.junitpushup.ExampleTest" time="0.005"/>
  <testcase name="testCheckPositivoError" classname="com.junitpushup.ExampleTest" time="0.003"/>
  <testcase name="testContieneElemento" classname="com.junitpushup.ExampleTest" time="0.0"/>
  <testcase name="testEsPrimoMenorQueUno" classname="com.junitpushup.ExampleTest" time="0.0"/>
</testsuite>